-------------------------------------------------------------------------------
Test set: com.financetracker.integration.BudgetAndAnalyticsIntegrationTest
-------------------------------------------------------------------------------
Tests run: 1, Failures: 0, Errors: 1, Skipped: 0, Time elapsed: 0.010 s <<< FAILURE! -- in com.financetracker.integration.BudgetAndAnalyticsIntegrationTest
com.financetracker.integration.BudgetAndAnalyticsIntegrationTest -- Time elapsed: 0.010 s <<< ERROR!
java.util.ServiceConfigurationError: org.testcontainers.dockerclient.DockerClientProviderStrategy: Provider org.testcontainers.dockerclient.EnvironmentAndSystemPropertyClientProviderStrategy could not be instantiated
	at java.base/java.util.ServiceLoader.fail(ServiceLoader.java:586)
	at java.base/java.util.ServiceLoader$ProviderImpl.newInstance(ServiceLoader.java:813)
	at java.base/java.util.ServiceLoader$ProviderImpl.get(ServiceLoader.java:729)
	at java.base/java.util.ServiceLoader$3.next(ServiceLoader.java:1403)
	at java.base/java.lang.Iterable.forEach(Iterable.java:74)
	at org.testcontainers.DockerClientFactory.getOrInitializeStrategy(DockerClientFactory.java:152)
	at org.testcontainers.DockerClientFactory.client(DockerClientFactory.java:196)
	at org.testcontainers.DockerClientFactory$1.getDockerClient(DockerClientFactory.java:108)
	at com.github.dockerjava.api.DockerClientDelegate.authConfig(DockerClientDelegate.java:109)
	at org.testcontainers.containers.GenericContainer.start(GenericContainer.java:321)
	at org.testcontainers.junit.jupiter.TestcontainersExtension$StoreAdapter.start(TestcontainersExtension.java:276)
	at org.testcontainers.junit.jupiter.TestcontainersExtension$StoreAdapter.access$200(TestcontainersExtension.java:263)
	at org.testcontainers.junit.jupiter.TestcontainersExtension.lambda$startContainers$4(TestcontainersExtension.java:83)
	at org.testcontainers.junit.jupiter.TestcontainersExtension.lambda$startContainers$5(TestcontainersExtension.java:83)
	at java.base/java.util.ArrayList.forEach(ArrayList.java:1596)
	at org.testcontainers.junit.jupiter.TestcontainersExtension.startContainers(TestcontainersExtension.java:83)
	at org.testcontainers.junit.jupiter.TestcontainersExtension.beforeAll(TestcontainersExtension.java:57)
	at java.base/java.util.ArrayList.forEach(ArrayList.java:1596)
Caused by: java.lang.IllegalArgumentException: Illegal character in authority at index 20: tcp://localhost:2375 
	at java.base/java.net.URI.create(URI.java:932)
	at org.testcontainers.shaded.com.github.dockerjava.core.DefaultDockerClientConfig$Builder.withDockerHost(DefaultDockerClientConfig.java:366)
	at java.base/java.util.Optional.ifPresent(Optional.java:178)
	at org.testcontainers.dockerclient.EnvironmentAndSystemPropertyClientProviderStrategy.<init>(EnvironmentAndSystemPropertyClientProviderStrategy.java:45)
	at org.testcontainers.dockerclient.EnvironmentAndSystemPropertyClientProviderStrategy.<init>(EnvironmentAndSystemPropertyClientProviderStrategy.java:34)
	at java.base/java.lang.reflect.Constructor.newInstanceWithCaller(Constructor.java:502)
	at java.base/java.lang.reflect.Constructor.newInstance(Constructor.java:486)
	at java.base/java.util.ServiceLoader$ProviderImpl.newInstance(ServiceLoader.java:789)
	... 16 more
Caused by: java.net.URISyntaxException: Illegal character in authority at index 20: tcp://localhost:2375 
	at java.base/java.net.URI$Parser.fail(URI.java:2995)
	at java.base/java.net.URI$Parser.parseAuthority(URI.java:3344)
	at java.base/java.net.URI$Parser.parseHierarchical(URI.java:3240)
	at java.base/java.net.URI$Parser.parse(URI.java:3196)
	at java.base/java.net.URI.<init>(URI.java:645)
	at java.base/java.net.URI.create(URI.java:930)
	... 23 more

