<?xml version="1.0" encoding="UTF-8"?>
<testsuite xmlns:xsi="http://www.w3.org/2001/XMLSchema-instance" xsi:noNamespaceSchemaLocation="https://maven.apache.org/surefire/maven-surefire-plugin/xsd/surefire-test-report-3.0.xsd" version="3.0" name="com.financetracker.integration.AccountIntegrationTest" time="14.208" tests="6" errors="0" skipped="0" failures="0">
  <properties>
[...]
</properties>
  <testcase name="createAccount_returns201" classname="com.financetracker.integration.AccountIntegrationTest" time="1.025">
    <system-out><![CDATA[21:27:40.754 [main] INFO org.springframework.test.context.support.AnnotationConfigContextLoaderUtils -- Could not detect default configuration classes for test class [com.financetracker.integration.AccountIntegrationTest]: AccountIntegrationTest does not declare any static, non-private, non-final, nested classes annotated with @Configuration.
21:27:40.869 [main] INFO org.springframework.boot.test.context.SpringBootTestContextBootstrapper -- Found @SpringBootConfiguration com.financetracker.FinanceTrackerApplication for test class com.financetracker.integration.AccountIntegrationTest
21:27:41.004 [main] INFO org.testcontainers.images.PullPolicy -- Image pull policy will be performed by: DefaultPullPolicy()
21:27:41.007 [main] INFO org.testcontainers.utility.ImageNameSubstitutor -- Image name substitution will be performed by: DefaultImageNameSubstitutor (composite of 'ConfigurationFileImageNameSubstitutor' and 'PrefixingImageNameSubstitutor')
21:27:41.048 [main] INFO org.testcontainers.DockerClientFactory -- Testcontainers version: 1.21.4
21:27:41.465 [main] INFO org.testcontainers.dockerclient.DockerClientProviderStrategy -- Found Docker environment with Environment variables, system properties and defaults. Resolved dockerHost=tcp://localhost:2375
21:27:41.465 [main] INFO org.testcontainers.DockerClientFactory -- Docker host IP address is localhost
21:27:41.483 [main] INFO org.testcontainers.DockerClientFactory -- Connected to docker: 
  Server Version: 29.3.0
  API Version: 1.54
  Operating System: Docker Desktop
  Total Memory: 15545 MB
  Labels: 
    com.docker.desktop.address=npipe://\\.\pipe\docker_cli
21:27:41.557 [main] INFO tc.testcontainers/ryuk:0.12.0 -- Creating container for image: testcontainers/ryuk:0.12.0
21:27:41.814 [main] INFO tc.testcontainers/ryuk:0.12.0 -- Container testcontainers/ryuk:0.12.0 is starting: 03b9a2550e7b6ffe6826794bb35eb917bc920a6e95f1d31e975be6b6394d25d8
21:27:42.303 [main] INFO tc.testcontainers/ryuk:0.12.0 -- Container testcontainers/ryuk:0.12.0 started in PT0.7461724S
21:27:42.307 [main] INFO org.testcontainers.utility.RyukResourceReaper -- Ryuk started - will monitor and terminate Testcontainers containers on JVM exit
21:27:42.307 [main] INFO org.testcontainers.DockerClientFactory -- Checking the system...
21:27:42.307 [main] INFO org.testcontainers.DockerClientFactory -- ✔︎ Docker server version should be at least 1.6.0
21:27:42.308 [main] INFO tc.postgres:16-alpine -- Creating container for image: postgres:16-alpine
21:27:42.419 [main] INFO tc.postgres:16-alpine -- Container postgres:16-alpine is starting: 87ac805d9e7a0789666275edc6a6c87a951dae8622f597d08c802997438b8339
21:27:45.225 [main] INFO tc.postgres:16-alpine -- Container postgres:16-alpine started in PT2.9172605S
21:27:45.226 [main] INFO tc.postgres:16-alpine -- Container is started (JDBC URL: jdbc:postgresql://localhost:58456/testdb?loggerLevel=OFF)

  .   ____          _            __ _ _
 /\\ / ___'_ __ _ _(_)_ __  __ _ \ \ \ \
( ( )\___ | '_ | '_| | '_ \/ _` | \ \ \ \
 \\/  ___)| |_)| | | | | || (_| |  ) ) ) )
  '  |____| .__|_| |_|_| |_\__, | / / / /
 =========|_|==============|___/=/_/_/_/
 :: Spring Boot ::                (v3.2.3)

2026-03-29T21:27:45.512-04:00  INFO 39352 --- [finance-tracker] [           main] c.f.integration.AccountIntegrationTest   : Starting AccountIntegrationTest using Java 21.0.4 with PID 39352 (started by darth in C:\Users\darth\OneDrive\Documents\GitHub\Finance Tracker)
2026-03-29T21:27:45.513-04:00 DEBUG 39352 --- [finance-tracker] [           main] c.f.integration.AccountIntegrationTest   : Running with Spring Boot v3.2.3, Spring v6.1.4
2026-03-29T21:27:45.513-04:00  INFO 39352 --- [finance-tracker] [           main] c.f.integration.AccountIntegrationTest   : The following 1 profile is active: "test"
2026-03-29T21:27:46.807-04:00  INFO 39352 --- [finance-tracker] [           main] .s.d.r.c.RepositoryConfigurationDelegate : Multiple Spring Data modules found, entering strict repository configuration mode
2026-03-29T21:27:46.809-04:00  INFO 39352 --- [finance-tracker] [           main] .s.d.r.c.RepositoryConfigurationDelegate : Bootstrapping Spring Data JPA repositories in DEFAULT mode.
2026-03-29T21:27:46.955-04:00  INFO 39352 --- [finance-tracker] [           main] .s.d.r.c.RepositoryConfigurationDelegate : Finished Spring Data repository scanning in 140 ms. Found 8 JPA repository interfaces.
2026-03-29T21:27:46.977-04:00  INFO 39352 --- [finance-tracker] [           main] .s.d.r.c.RepositoryConfigurationDelegate : Multiple Spring Data modules found, entering strict repository configuration mode
2026-03-29T21:27:46.979-04:00  INFO 39352 --- [finance-tracker] [           main] .s.d.r.c.RepositoryConfigurationDelegate : Bootstrapping Spring Data Redis repositories in DEFAULT mode.
2026-03-29T21:27:46.995-04:00  INFO 39352 --- [finance-tracker] [           main] .RepositoryConfigurationExtensionSupport : Spring Data Redis - Could not safely identify store assignment for repository candidate interface com.financetracker.domain.repository.AccountRepository; If you want this repository to be a Redis repository, consider annotating your entities with one of these annotations: org.springframework.data.redis.core.RedisHash (preferred), or consider extending one of the following types with your repository: org.springframework.data.keyvalue.repository.KeyValueRepository
2026-03-29T21:27:46.996-04:00  INFO 39352 --- [finance-tracker] [           main] .RepositoryConfigurationExtensionSupport : Spring Data Redis - Could not safely identify store assignment for repository candidate interface com.financetracker.domain.repository.AlertRepository; If you want this repository to be a Redis repository, consider annotating your entities with one of these annotations: org.springframework.data.redis.core.RedisHash (preferred), or consider extending one of the following types with your repository: org.springframework.data.keyvalue.repository.KeyValueRepository
2026-03-29T21:27:46.996-04:00  INFO 39352 --- [finance-tracker] [           main] .RepositoryConfigurationExtensionSupport : Spring Data Redis - Could not safely identify store assignment for repository candidate interface com.financetracker.domain.repository.BudgetRepository; If you want this repository to be a Redis repository, consider annotating your entities with one of these annotations: org.springframework.data.redis.core.RedisHash (preferred), or consider extending one of the following types with your repository: org.springframework.data.keyvalue.repository.KeyValueRepository
2026-03-29T21:27:46.996-04:00  INFO 39352 --- [finance-tracker] [           main] .RepositoryConfigurationExtensionSupport : Spring Data Redis - Could not safely identify store assignment for repository candidate interface com.financetracker.domain.repository.CategoryRepository; If you want this repository to be a Redis repository, consider annotating your entities with one of these annotations: org.springframework.data.redis.core.RedisHash (preferred), or consider extending one of the following types with your repository: org.springframework.data.keyvalue.repository.KeyValueRepository
2026-03-29T21:27:46.996-04:00  INFO 39352 --- [finance-tracker] [           main] .RepositoryConfigurationExtensionSupport : Spring Data Redis - Could not safely identify store assignment for repository candidate interface com.financetracker.domain.repository.RecurringPaymentRepository; If you want this repository to be a Redis repository, consider annotating your entities with one of these annotations: org.springframework.data.redis.core.RedisHash (preferred), or consider extending one of the following types with your repository: org.springframework.data.keyvalue.repository.KeyValueRepository
2026-03-29T21:27:46.996-04:00  INFO 39352 --- [finance-tracker] [           main] .RepositoryConfigurationExtensionSupport : Spring Data Redis - Could not safely identify store assignment for repository candidate interface com.financetracker.domain.repository.RefreshTokenRepository; If you want this repository to be a Redis repository, consider annotating your entities with one of these annotations: org.springframework.data.redis.core.RedisHash (preferred), or consider extending one of the following types with your repository: org.springframework.data.keyvalue.repository.KeyValueRepository
2026-03-29T21:27:46.997-04:00  INFO 39352 --- [finance-tracker] [           main] .RepositoryConfigurationExtensionSupport : Spring Data Redis - Could not safely identify store assignment for repository candidate interface com.financetracker.domain.repository.TransactionRepository; If you want this repository to be a Redis repository, consider annotating your entities with one of these annotations: org.springframework.data.redis.core.RedisHash (preferred), or consider extending one of the following types with your repository: org.springframework.data.keyvalue.repository.KeyValueRepository
2026-03-29T21:27:46.997-04:00  INFO 39352 --- [finance-tracker] [           main] .RepositoryConfigurationExtensionSupport : Spring Data Redis - Could not safely identify store assignment for repository candidate interface com.financetracker.domain.repository.UserRepository; If you want this repository to be a Redis repository, consider annotating your entities with one of these annotations: org.springframework.data.redis.core.RedisHash (preferred), or consider extending one of the following types with your repository: org.springframework.data.keyvalue.repository.KeyValueRepository
2026-03-29T21:27:46.998-04:00  INFO 39352 --- [finance-tracker] [           main] .s.d.r.c.RepositoryConfigurationDelegate : Finished Spring Data repository scanning in 8 ms. Found 0 Redis repository interfaces.
2026-03-29T21:27:47.810-04:00  INFO 39352 --- [finance-tracker] [           main] o.s.b.w.embedded.tomcat.TomcatWebServer  : Tomcat initialized with port 0 (http)
2026-03-29T21:27:47.828-04:00  INFO 39352 --- [finance-tracker] [           main] o.apache.catalina.core.StandardService   : Starting service [Tomcat]
2026-03-29T21:27:47.829-04:00  INFO 39352 --- [finance-tracker] [           main] o.apache.catalina.core.StandardEngine    : Starting Servlet engine: [Apache Tomcat/10.1.19]
2026-03-29T21:27:47.921-04:00  INFO 39352 --- [finance-tracker] [           main] o.a.c.c.C.[Tomcat].[localhost].[/]       : Initializing Spring embedded WebApplicationContext
2026-03-29T21:27:47.922-04:00  INFO 39352 --- [finance-tracker] [           main] w.s.c.ServletWebServerApplicationContext : Root WebApplicationContext: initialization completed in 2395 ms
2026-03-29T21:27:48.164-04:00 DEBUG 39352 --- [finance-tracker] [           main] c.f.security.JwtAuthenticationFilter     : Filter 'jwtAuthenticationFilter' configured for use
2026-03-29T21:27:48.259-04:00  INFO 39352 --- [finance-tracker] [           main] com.zaxxer.hikari.HikariDataSource       : HikariPool-1 - Starting...
2026-03-29T21:27:48.455-04:00  INFO 39352 --- [finance-tracker] [           main] com.zaxxer.hikari.pool.HikariPool        : HikariPool-1 - Added connection org.postgresql.jdbc.PgConnection@3314f179
2026-03-29T21:27:48.456-04:00  INFO 39352 --- [finance-tracker] [           main] com.zaxxer.hikari.HikariDataSource       : HikariPool-1 - Start completed.
2026-03-29T21:27:48.534-04:00  INFO 39352 --- [finance-tracker] [           main] o.f.c.internal.license.VersionPrinter    : Flyway Community Edition 9.22.3 by Redgate
2026-03-29T21:27:48.534-04:00  INFO 39352 --- [finance-tracker] [           main] o.f.c.internal.license.VersionPrinter    : See release notes here: https://rd.gt/416ObMi
2026-03-29T21:27:48.534-04:00  INFO 39352 --- [finance-tracker] [           main] o.f.c.internal.license.VersionPrinter    : 
2026-03-29T21:27:48.565-04:00  WARN 39352 --- [finance-tracker] [           main] o.f.c.internal.database.base.Database    : Flyway upgrade recommended: PostgreSQL 16.13 is newer than this version of Flyway and support has not been tested. The latest supported version of PostgreSQL is 15.
2026-03-29T21:27:48.601-04:00  INFO 39352 --- [finance-tracker] [           main] o.f.c.i.s.JdbcTableSchemaHistory         : Schema history table "public"."flyway_schema_history" does not exist yet
2026-03-29T21:27:48.604-04:00  INFO 39352 --- [finance-tracker] [           main] o.f.core.internal.command.DbValidate     : Successfully validated 1 migration (execution time 00:00.027s)
2026-03-29T21:27:48.622-04:00  INFO 39352 --- [finance-tracker] [           main] o.f.c.i.s.JdbcTableSchemaHistory         : Creating Schema History table "public"."flyway_schema_history" ...
2026-03-29T21:27:48.658-04:00  INFO 39352 --- [finance-tracker] [           main] o.f.core.internal.command.DbMigrate      : Current version of schema "public": << Empty Schema >>
2026-03-29T21:27:48.671-04:00  INFO 39352 --- [finance-tracker] [           main] o.f.core.internal.command.DbMigrate      : Migrating schema "public" to version "1 - core schema"
2026-03-29T21:27:48.753-04:00  INFO 39352 --- [finance-tracker] [           main] o.f.core.internal.command.DbMigrate      : Successfully applied 1 migration to schema "public", now at version v1 (execution time 00:00.065s)
2026-03-29T21:27:48.876-04:00  INFO 39352 --- [finance-tracker] [           main] o.hibernate.jpa.internal.util.LogHelper  : HHH000204: Processing PersistenceUnitInfo [name: default]
2026-03-29T21:27:48.940-04:00  INFO 39352 --- [finance-tracker] [           main] org.hibernate.Version                    : HHH000412: Hibernate ORM core version 6.4.4.Final
2026-03-29T21:27:48.972-04:00  INFO 39352 --- [finance-tracker] [           main] o.h.c.internal.RegionFactoryInitiator    : HHH000026: Second-level cache disabled
2026-03-29T21:27:49.161-04:00  INFO 39352 --- [finance-tracker] [           main] o.s.o.j.p.SpringPersistenceUnitInfo      : No LoadTimeWeaver setup: ignoring JPA class transformer
2026-03-29T21:27:49.209-04:00  WARN 39352 --- [finance-tracker] [           main] org.hibernate.orm.deprecation            : HHH90000025: PostgreSQLDialect does not need to be specified explicitly using 'hibernate.dialect' (remove the property setting and it will be selected by default)
2026-03-29T21:27:50.064-04:00  INFO 39352 --- [finance-tracker] [           main] o.h.e.t.j.p.i.JtaPlatformInitiator       : HHH000489: No JTA platform available (set 'hibernate.transaction.jta.platform' to enable JTA platform integration)
2026-03-29T21:27:50.104-04:00  INFO 39352 --- [finance-tracker] [           main] j.LocalContainerEntityManagerFactoryBean : Initialized JPA EntityManagerFactory for persistence unit 'default'
2026-03-29T21:27:50.467-04:00  INFO 39352 --- [finance-tracker] [           main] o.s.d.j.r.query.QueryEnhancerFactory     : Hibernate is in classpath; If applicable, HQL parser will be used.
2026-03-29T21:27:51.538-04:00  WARN 39352 --- [finance-tracker] [           main] JpaBaseConfiguration$JpaWebConfiguration : spring.jpa.open-in-view is enabled by default. Therefore, database queries may be performed during view rendering. Explicitly configure spring.jpa.open-in-view to disable this warning
2026-03-29T21:27:52.268-04:00  INFO 39352 --- [finance-tracker] [           main] o.s.b.a.e.web.EndpointLinksResolver      : Exposing 3 endpoint(s) beneath base path '/actuator'
2026-03-29T21:27:52.347-04:00  INFO 39352 --- [finance-tracker] [           main] o.s.s.web.DefaultSecurityFilterChain     : Will secure any request with [org.springframework.security.web.session.DisableEncodeUrlFilter@6433611f, org.springframework.security.web.context.request.async.WebAsyncManagerIntegrationFilter@1aec9516, org.springframework.security.web.context.SecurityContextHolderFilter@76968f03, org.springframework.security.web.header.HeaderWriterFilter@7e89f305, org.springframework.web.filter.CorsFilter@79a9a3a2, org.springframework.security.web.authentication.logout.LogoutFilter@8253d0e, com.financetracker.security.JwtAuthenticationFilter@1e49a77e, org.springframework.security.web.savedrequest.RequestCacheAwareFilter@44173c2b, org.springframework.security.web.servletapi.SecurityContextHolderAwareRequestFilter@54c6506d, org.springframework.security.web.authentication.AnonymousAuthenticationFilter@2d309058, org.springframework.security.web.session.SessionManagementFilter@7370c288, org.springframework.security.web.access.ExceptionTranslationFilter@be906aa, org.springframework.security.web.access.intercept.AuthorizationFilter@4caf1d14]
2026-03-29T21:27:52.956-04:00 DEBUG 39352 --- [finance-tracker] [           main] c.f.security.JwtAuthenticationFilter     : Filter 'jwtAuthenticationFilter' configured for use
2026-03-29T21:27:52.956-04:00  INFO 39352 --- [finance-tracker] [           main] o.a.c.c.C.[Tomcat].[localhost].[/]       : Initializing Spring TestDispatcherServlet ''
2026-03-29T21:27:52.958-04:00  INFO 39352 --- [finance-tracker] [           main] o.s.t.web.servlet.TestDispatcherServlet  : Initializing Servlet ''
2026-03-29T21:27:52.959-04:00  INFO 39352 --- [finance-tracker] [           main] o.s.t.web.servlet.TestDispatcherServlet  : Completed initialization in 1 ms
2026-03-29T21:27:53.035-04:00  INFO 39352 --- [finance-tracker] [           main] o.s.b.w.embedded.tomcat.TomcatWebServer  : Tomcat started on port 58482 (http) with context path ''
2026-03-29T21:27:53.048-04:00  INFO 39352 --- [finance-tracker] [           main] c.f.integration.AccountIntegrationTest   : Started AccountIntegrationTest in 7.796 seconds (process running for 13.786)
Hibernate: 
    select
        u1_0.id 
    from
        users u1_0 
    where
        u1_0.email=? 
    fetch
        first ? rows only
Hibernate: 
    insert 
    into
        users
        (created_at, email, full_name, password, role, updated_at) 
    values
        (?, ?, ?, ?, ?, ?)
2026-03-29T21:27:53.917-04:00  INFO 39352 --- [finance-tracker] [           main] com.financetracker.service.AuthService   : New user registered: account1@test.com
Hibernate: 
    insert 
    into
        refresh_tokens
        (created_at, expires_at, revoked, token, user_id) 
    values
        (?, ?, ?, ?, ?)
Hibernate: 
    select
        u1_0.id,
        u1_0.created_at,
        u1_0.email,
        u1_0.full_name,
        u1_0.password,
        u1_0.role,
        u1_0.updated_at 
    from
        users u1_0 
    where
        u1_0.email=?
Hibernate: 
    insert 
    into
        accounts
        (account_type, balance, created_at, currency, name, updated_at, user_id) 
    values
        (?, ?, ?, ?, ?, ?, ?)
]]></system-out>
    <system-err><![CDATA[WARNING: A Java agent has been loaded dynamically (C:\Users\darth\.m2\repository\net\bytebuddy\byte-buddy-agent\1.14.12\byte-buddy-agent-1.14.12.jar)
WARNING: If a serviceability tool is in use, please run with -XX:+EnableDynamicAgentLoading to hide this warning
WARNING: If a serviceability tool is not in use, please run with -Djdk.instrument.traceUsage for more information
WARNING: Dynamic loading of agents will be disallowed by default in a future release
]]></system-err>
  </testcase>
  <testcase name="deleteAccount_returns204" classname="com.financetracker.integration.AccountIntegrationTest" time="0.132">
    <system-out><![CDATA[Hibernate: 
    select
        u1_0.id 
    from
        users u1_0 
    where
        u1_0.email=? 
    fetch
        first ? rows only
Hibernate: 
    insert 
    into
        users
        (created_at, email, full_name, password, role, updated_at) 
    values
        (?, ?, ?, ?, ?, ?)
2026-03-29T21:27:54.217-04:00  INFO 39352 --- [finance-tracker] [           main] com.financetracker.service.AuthService   : New user registered: delete@test.com
Hibernate: 
    insert 
    into
        refresh_tokens
        (created_at, expires_at, revoked, token, user_id) 
    values
        (?, ?, ?, ?, ?)
Hibernate: 
    select
        u1_0.id,
        u1_0.created_at,
        u1_0.email,
        u1_0.full_name,
        u1_0.password,
        u1_0.role,
        u1_0.updated_at 
    from
        users u1_0 
    where
        u1_0.email=?
Hibernate: 
    insert 
    into
        accounts
        (account_type, balance, created_at, currency, name, updated_at, user_id) 
    values
        (?, ?, ?, ?, ?, ?, ?)
Hibernate: 
    select
        u1_0.id,
        u1_0.created_at,
        u1_0.email,
        u1_0.full_name,
        u1_0.password,
        u1_0.role,
        u1_0.updated_at 
    from
        users u1_0 
    where
        u1_0.email=?
Hibernate: 
    select
        a1_0.id,
        a1_0.account_type,
        a1_0.balance,
        a1_0.created_at,
        a1_0.currency,
        a1_0.name,
        a1_0.updated_at,
        a1_0.user_id 
    from
        accounts a1_0 
    left join
        users u1_0 
            on u1_0.id=a1_0.user_id 
    where
        a1_0.id=? 
        and u1_0.id=?
Hibernate: 
    select
        u1_0.id,
        u1_0.created_at,
        u1_0.email,
        u1_0.full_name,
        u1_0.password,
        u1_0.role,
        u1_0.updated_at 
    from
        users u1_0 
    where
        u1_0.email=?
Hibernate: 
    delete 
    from
        accounts 
    where
        id=?
Hibernate: 
    select
        a1_0.id,
        a1_0.account_type,
        a1_0.balance,
        a1_0.created_at,
        a1_0.currency,
        a1_0.name,
        a1_0.updated_at,
        a1_0.user_id 
    from
        accounts a1_0 
    left join
        users u1_0 
            on u1_0.id=a1_0.user_id 
    where
        a1_0.id=? 
        and u1_0.id=?
]]></system-out>
  </testcase>
  <testcase name="createAccount_withoutToken_returns401" classname="com.financetracker.integration.AccountIntegrationTest" time="0.011"/>
  <testcase name="getAccounts_returnsUserAccounts" classname="com.financetracker.integration.AccountIntegrationTest" time="0.118">
    <system-out><![CDATA[Hibernate: 
    select
        u1_0.id 
    from
        users u1_0 
    where
        u1_0.email=? 
    fetch
        first ? rows only
Hibernate: 
    insert 
    into
        users
        (created_at, email, full_name, password, role, updated_at) 
    values
        (?, ?, ?, ?, ?, ?)
2026-03-29T21:27:54.366-04:00  INFO 39352 --- [finance-tracker] [           main] com.financetracker.service.AuthService   : New user registered: account2@test.com
Hibernate: 
    insert 
    into
        refresh_tokens
        (created_at, expires_at, revoked, token, user_id) 
    values
        (?, ?, ?, ?, ?)
Hibernate: 
    select
        u1_0.id,
        u1_0.created_at,
        u1_0.email,
        u1_0.full_name,
        u1_0.password,
        u1_0.role,
        u1_0.updated_at 
    from
        users u1_0 
    where
        u1_0.email=?
Hibernate: 
    insert 
    into
        accounts
        (account_type, balance, created_at, currency, name, updated_at, user_id) 
    values
        (?, ?, ?, ?, ?, ?, ?)
Hibernate: 
    select
        u1_0.id,
        u1_0.created_at,
        u1_0.email,
        u1_0.full_name,
        u1_0.password,
        u1_0.role,
        u1_0.updated_at 
    from
        users u1_0 
    where
        u1_0.email=?
Hibernate: 
    insert 
    into
        accounts
        (account_type, balance, created_at, currency, name, updated_at, user_id) 
    values
        (?, ?, ?, ?, ?, ?, ?)
Hibernate: 
    select
        u1_0.id,
        u1_0.created_at,
        u1_0.email,
        u1_0.full_name,
        u1_0.password,
        u1_0.role,
        u1_0.updated_at 
    from
        users u1_0 
    where
        u1_0.email=?
Hibernate: 
    select
        a1_0.id,
        a1_0.account_type,
        a1_0.balance,
        a1_0.created_at,
        a1_0.currency,
        a1_0.name,
        a1_0.updated_at,
        a1_0.user_id 
    from
        accounts a1_0 
    left join
        users u1_0 
            on u1_0.id=a1_0.user_id 
    where
        u1_0.id=?
]]></system-out>
  </testcase>
  <testcase name="getAccounts_isolatedByUser" classname="com.financetracker.integration.AccountIntegrationTest" time="0.163">
    <system-out><![CDATA[Hibernate: 
    select
        u1_0.id 
    from
        users u1_0 
    where
        u1_0.email=? 
    fetch
        first ? rows only
Hibernate: 
    insert 
    into
        users
        (created_at, email, full_name, password, role, updated_at) 
    values
        (?, ?, ?, ?, ?, ?)
2026-03-29T21:27:54.485-04:00  INFO 39352 --- [finance-tracker] [           main] com.financetracker.service.AuthService   : New user registered: isolation1@test.com
Hibernate: 
    insert 
    into
        refresh_tokens
        (created_at, expires_at, revoked, token, user_id) 
    values
        (?, ?, ?, ?, ?)
Hibernate: 
    select
        u1_0.id 
    from
        users u1_0 
    where
        u1_0.email=? 
    fetch
        first ? rows only
Hibernate: 
    insert 
    into
        users
        (created_at, email, full_name, password, role, updated_at) 
    values
        (?, ?, ?, ?, ?, ?)
2026-03-29T21:27:54.550-04:00  INFO 39352 --- [finance-tracker] [           main] com.financetracker.service.AuthService   : New user registered: isolation2@test.com
Hibernate: 
    insert 
    into
        refresh_tokens
        (created_at, expires_at, revoked, token, user_id) 
    values
        (?, ?, ?, ?, ?)
Hibernate: 
    select
        u1_0.id,
        u1_0.created_at,
        u1_0.email,
        u1_0.full_name,
        u1_0.password,
        u1_0.role,
        u1_0.updated_at 
    from
        users u1_0 
    where
        u1_0.email=?
Hibernate: 
    insert 
    into
        accounts
        (account_type, balance, created_at, currency, name, updated_at, user_id) 
    values
        (?, ?, ?, ?, ?, ?, ?)
Hibernate: 
    select
        u1_0.id,
        u1_0.created_at,
        u1_0.email,
        u1_0.full_name,
        u1_0.password,
        u1_0.role,
        u1_0.updated_at 
    from
        users u1_0 
    where
        u1_0.email=?
Hibernate: 
    select
        a1_0.id,
        a1_0.account_type,
        a1_0.balance,
        a1_0.created_at,
        a1_0.currency,
        a1_0.name,
        a1_0.updated_at,
        a1_0.user_id 
    from
        accounts a1_0 
    left join
        users u1_0 
            on u1_0.id=a1_0.user_id 
    where
        u1_0.id=?
]]></system-out>
  </testcase>
  <testcase name="getAccountById_wrongUser_returns404" classname="com.financetracker.integration.AccountIntegrationTest" time="0.154">
    <system-out><![CDATA[Hibernate: 
    select
        u1_0.id 
    from
        users u1_0 
    where
        u1_0.email=? 
    fetch
        first ? rows only
Hibernate: 
    insert 
    into
        users
        (created_at, email, full_name, password, role, updated_at) 
    values
        (?, ?, ?, ?, ?, ?)
2026-03-29T21:27:54.646-04:00  INFO 39352 --- [finance-tracker] [           main] com.financetracker.service.AuthService   : New user registered: owner@test.com
Hibernate: 
    insert 
    into
        refresh_tokens
        (created_at, expires_at, revoked, token, user_id) 
    values
        (?, ?, ?, ?, ?)
Hibernate: 
    select
        u1_0.id 
    from
        users u1_0 
    where
        u1_0.email=? 
    fetch
        first ? rows only
Hibernate: 
    insert 
    into
        users
        (created_at, email, full_name, password, role, updated_at) 
    values
        (?, ?, ?, ?, ?, ?)
2026-03-29T21:27:54.709-04:00  INFO 39352 --- [finance-tracker] [           main] com.financetracker.service.AuthService   : New user registered: thief@test.com
Hibernate: 
    insert 
    into
        refresh_tokens
        (created_at, expires_at, revoked, token, user_id) 
    values
        (?, ?, ?, ?, ?)
Hibernate: 
    select
        u1_0.id,
        u1_0.created_at,
        u1_0.email,
        u1_0.full_name,
        u1_0.password,
        u1_0.role,
        u1_0.updated_at 
    from
        users u1_0 
    where
        u1_0.email=?
Hibernate: 
    insert 
    into
        accounts
        (account_type, balance, created_at, currency, name, updated_at, user_id) 
    values
        (?, ?, ?, ?, ?, ?, ?)
Hibernate: 
    select
        u1_0.id,
        u1_0.created_at,
        u1_0.email,
        u1_0.full_name,
        u1_0.password,
        u1_0.role,
        u1_0.updated_at 
    from
        users u1_0 
    where
        u1_0.email=?
Hibernate: 
    select
        a1_0.id,
        a1_0.account_type,
        a1_0.balance,
        a1_0.created_at,
        a1_0.currency,
        a1_0.name,
        a1_0.updated_at,
        a1_0.user_id 
    from
        accounts a1_0 
    left join
        users u1_0 
            on u1_0.id=a1_0.user_id 
    where
        a1_0.id=? 
        and u1_0.id=?
]]></system-out>
  </testcase>
</testsuite>